#1 [internal] load build definition from Dockerfile
#1 sha256:7d5a8cc83e51a69e58c793298c991bc2b3aee1c515bb7f5c7c5e10243fbdeb22
#1 transferring dockerfile: 177B done
#1 DONE 0.0s

#2 [internal] load .dockerignore
#2 sha256:2f63c1eeb5cd6b97706a7d5e9d2445eba1818798f0ea29a0c1ba1d33f95a0813
#2 transferring context: 2B done
#2 DONE 0.0s

#3 [internal] load metadata for docker.io/jupyter/datascience-notebook:latest
#3 sha256:cd5efff929367c0a801885fa668f6271f0e72c8db2b5a090f767c9ce5c24b513
#3 ...

#4 [auth] jupyter/datascience-notebook:pull token for registry-1.docker.io
#4 sha256:bc4b30e15f9edf9796a077eb5edffddc85ea7ed933d96c1e2d3030f3ef555f33
#4 DONE 0.0s

#3 [internal] load metadata for docker.io/jupyter/datascience-notebook:latest
#3 sha256:cd5efff929367c0a801885fa668f6271f0e72c8db2b5a090f767c9ce5c24b513
#3 DONE 1.2s

#5 [1/4] FROM docker.io/jupyter/datascience-notebook@sha256:4c0d932e38fb22bcc300bddf0688cf2770e0b3ce4d9012a74a8a43a998e65d6b
#5 sha256:fcb10c67776eab89e0f24c0b947ecf22c200888007b8c8f23f6911529e182bae
#5 CACHED

#7 [internal] load build context
#7 sha256:ea392dc62a63b963584f0a82404ba894319ba239e00a403b65d7dd0e2b5b3fd3
#7 transferring context: 538B done
#7 DONE 0.0s

#6 [2/4] RUN mkdir "/home/jovyan/requirements"
#6 sha256:7eba2f93544a3b3aa09dbc0cfe67e92dc5c42d5433c1040a36813445b46c0716
#6 DONE 0.3s

#8 [3/4] COPY requirements.txt /home/jovyan/requirements
#8 sha256:2906097217dd8d90885a555c855066b5468b2177080c9024111ede02b956075b
#8 DONE 0.0s

#9 [4/4] RUN /opt/conda/bin/pip install -r /home/jovyan/requirements/requirements.txt
#9 sha256:264fdb2da973b006c245e3a146e43d5feeee44bfee62cc5cf2ac97486daccb00
#9 2.525 Collecting absl-py==1.2.0
#9 2.626   Downloading absl_py-1.2.0-py3-none-any.whl (123 kB)
#9 2.662      ━━━━━━━━━━━━━━━━━━━━━━━━━━━━━━━━━━━━━━━ 123.4/123.4 kB 7.1 MB/s eta 0:00:00
#9 4.671 Collecting aiohttp==3.8.1
#9 4.701   Downloading aiohttp-3.8.1-cp310-cp310-manylinux_2_5_x86_64.manylinux1_x86_64.manylinux_2_12_x86_64.manylinux2010_x86_64.whl (1.2 MB)
#9 4.788      ━━━━━━━━━━━━━━━━━━━━━━━━━━━━━━━━━━━━━━━━ 1.2/1.2 MB 15.7 MB/s eta 0:00:00
#9 4.951 Collecting aiosignal==1.2.0
#9 4.967   Downloading aiosignal-1.2.0-py3-none-any.whl (8.2 kB)
#9 5.130 Collecting anndata==0.8.0
#9 5.145   Downloading anndata-0.8.0-py3-none-any.whl (96 kB)
#9 5.163      ━━━━━━━━━━━━━━━━━━━━━━━━━━━━━━━━━━━━━━━━ 96.1/96.1 kB 11.4 MB/s eta 0:00:00
#9 5.250 Collecting annoy==1.17.1
#9 5.268   Downloading annoy-1.17.1.tar.gz (647 kB)
#9 5.314      ━━━━━━━━━━━━━━━━━━━━━━━━━━━━━━━━━━━━━━ 648.0/648.0 kB 18.3 MB/s eta 0:00:00
#9 5.397   Preparing metadata (setup.py): started
#9 10.07   Preparing metadata (setup.py): finished with status 'done'
#9 10.08 Requirement already satisfied: async-generator==1.10 in /opt/conda/lib/python3.10/site-packages (from -r /home/jovyan/requirements/requirements.txt (line 6)) (1.10)
#9 10.18 Collecting async-timeout==4.0.2
#9 10.19   Downloading async_timeout-4.0.2-py3-none-any.whl (5.8 kB)
#9 10.29 Collecting bbknn==1.5.1
#9 10.30   Downloading bbknn-1.5.1-py3-none-any.whl (11 kB)
#9 10.31 Requirement already satisfied: blinker==1.4 in /opt/conda/lib/python3.10/site-packages (from -r /home/jovyan/requirements/requirements.txt (line 9)) (1.4)
#9 10.43 Collecting cachetools==5.2.0
#9 10.45   Downloading cachetools-5.2.0-py3-none-any.whl (9.3 kB)
#9 10.63 Collecting certifi==2022.6.15
#9 10.65   Downloading certifi-2022.6.15-py3-none-any.whl (160 kB)
#9 10.67      ━━━━━━━━━━━━━━━━━━━━━━━━━━━━━━━━━━━━━━ 160.2/160.2 kB 13.8 MB/s eta 0:00:00
#9 10.69 Requirement already satisfied: certipy==0.1.3 in /opt/conda/lib/python3.10/site-packages (from -r /home/jovyan/requirements/requirements.txt (line 12)) (0.1.3)
#9 10.78 Collecting chex==0.1.5
#9 10.79   Downloading chex-0.1.5-py3-none-any.whl (85 kB)
#9 10.81      ━━━━━━━━━━━━━━━━━━━━━━━━━━━━━━━━━━━━━━━━ 85.3/85.3 kB 10.7 MB/s eta 0:00:00
#9 11.02 Collecting commonmark==0.9.1
#9 11.04   Downloading commonmark-0.9.1-py2.py3-none-any.whl (51 kB)
#9 11.05      ━━━━━━━━━━━━━━━━━━━━━━━━━━━━━━━━━━━━━━━━ 51.1/51.1 kB 6.5 MB/s eta 0:00:00
#9 11.20 Collecting dm-tree==0.1.7
#9 11.23   Downloading dm_tree-0.1.7-cp310-cp310-manylinux_2_12_x86_64.manylinux2010_x86_64.whl (142 kB)
#9 11.25      ━━━━━━━━━━━━━━━━━━━━━━━━━━━━━━━━━━━━━━ 142.6/142.6 kB 13.6 MB/s eta 0:00:00
#9 11.33 Collecting docrep==0.3.2
#9 11.34   Downloading docrep-0.3.2.tar.gz (33 kB)
#9 11.39   Preparing metadata (setup.py): started
#9 12.90   Preparing metadata (setup.py): finished with status 'done'
#9 12.98 Collecting et-xmlfile==1.1.0
#9 12.99   Downloading et_xmlfile-1.1.0-py3-none-any.whl (4.7 kB)
#9 13.09 Collecting etils==0.8.0
#9 13.10   Downloading etils-0.8.0-py3-none-any.whl (127 kB)
#9 13.12      ━━━━━━━━━━━━━━━━━━━━━━━━━━━━━━━━━━━━━━ 127.2/127.2 kB 12.7 MB/s eta 0:00:00
#9 13.23 Collecting flax==0.6.0
#9 13.25   Downloading flax-0.6.0-py3-none-any.whl (180 kB)
#9 13.27      ━━━━━━━━━━━━━━━━━━━━━━━━━━━━━━━━━━━━━━ 180.1/180.1 kB 14.3 MB/s eta 0:00:00
#9 13.69 Collecting frozenlist==1.3.1
#9 13.71   Downloading frozenlist-1.3.1-cp310-cp310-manylinux_2_5_x86_64.manylinux1_x86_64.manylinux_2_17_x86_64.manylinux2014_x86_64.whl (149 kB)
#9 13.74      ━━━━━━━━━━━━━━━━━━━━━━━━━━━━━━━━━━━━━━━ 149.6/149.6 kB 7.5 MB/s eta 0:00:00
#9 14.21 Collecting google-auth==2.11.0
#9 14.23   Downloading google_auth-2.11.0-py2.py3-none-any.whl (167 kB)
#9 14.26      ━━━━━━━━━━━━━━━━━━━━━━━━━━━━━━━━━━━━━━ 167.2/167.2 kB 13.9 MB/s eta 0:00:00
#9 14.36 Collecting google-auth-oauthlib==0.4.6
#9 14.37   Downloading google_auth_oauthlib-0.4.6-py2.py3-none-any.whl (18 kB)
#9 18.47 Collecting grpcio==1.48.1
#9 18.50   Downloading grpcio-1.48.1-cp310-cp310-manylinux_2_17_x86_64.manylinux2014_x86_64.whl (4.6 MB)
#9 18.82      ━━━━━━━━━━━━━━━━━━━━━━━━━━━━━━━━━━━━━━━━ 4.6/4.6 MB 15.0 MB/s eta 0:00:00
#9 19.18 Collecting harmonypy==0.0.6
#9 19.20   Downloading harmonypy-0.0.6-py3-none-any.whl (20 kB)
#9 19.21 Requirement already satisfied: HeapDict==1.0.1 in /opt/conda/lib/python3.10/site-packages (from -r /home/jovyan/requirements/requirements.txt (line 25)) (1.0.1)
#9 19.53 Collecting igraph==0.9.11
#9 19.56   Downloading igraph-0.9.11-cp310-cp310-manylinux_2_17_x86_64.manylinux2014_x86_64.whl (3.2 MB)
#9 19.77      ━━━━━━━━━━━━━━━━━━━━━━━━━━━━━━━━━━━━━━━━ 3.2/3.2 MB 16.0 MB/s eta 0:00:00
#9 19.95 Requirement already satisfied: ipython-genutils==0.2.0 in /opt/conda/lib/python3.10/site-packages (from -r /home/jovyan/requirements/requirements.txt (line 27)) (0.2.0)
#9 20.10 Collecting jax==0.3.17
#9 20.13   Downloading jax-0.3.17.tar.gz (1.1 MB)
#9 20.21      ━━━━━━━━━━━━━━━━━━━━━━━━━━━━━━━━━━━━━━━━ 1.1/1.1 MB 15.6 MB/s eta 0:00:00
#9 20.74   Preparing metadata (setup.py): started
#9 22.46   Preparing metadata (setup.py): finished with status 'done'
#9 22.71 Collecting jaxlib==0.3.15
#9 22.73   Downloading jaxlib-0.3.15-cp310-none-manylinux2014_x86_64.whl (72.0 MB)
#9 27.27      ━━━━━━━━━━━━━━━━━━━━━━━━━━━━━━━━━━━━━━━━ 72.0/72.0 MB 9.0 MB/s eta 0:00:00
#9 31.28 Collecting leidenalg==0.8.10
#9 31.30   Downloading leidenalg-0.8.10-cp310-cp310-manylinux_2_17_x86_64.manylinux2014_x86_64.whl (1.3 MB)
#9 31.44      ━━━━━━━━━━━━━━━━━━━━━━━━━━━━━━━━━━━━━━━━ 1.3/1.3 MB 10.5 MB/s eta 0:00:00
#9 31.52 Requirement already satisfied: llvmlite==0.38.1 in /opt/conda/lib/python3.10/site-packages (from -r /home/jovyan/requirements/requirements.txt (line 31)) (0.38.1)
#9 31.65 Collecting Markdown==3.4.1
#9 31.67   Downloading Markdown-3.4.1-py3-none-any.whl (93 kB)
#9 31.69      ━━━━━━━━━━━━━━━━━━━━━━━━━━━━━━━━━━━━━━━━ 93.3/93.3 kB 6.5 MB/s eta 0:00:00
#9 31.77 Collecting mudata==0.2.0
#9 31.80   Downloading mudata-0.2.0-py3-none-any.whl (23 kB)
#9 33.73 Collecting multidict==6.0.2
#9 33.75   Downloading multidict-6.0.2-cp310-cp310-manylinux_2_17_x86_64.manylinux2014_x86_64.whl (114 kB)
#9 33.77      ━━━━━━━━━━━━━━━━━━━━━━━━━━━━━━━━━━━━━━ 114.5/114.5 kB 12.5 MB/s eta 0:00:00
#9 33.84 Collecting multipledispatch==0.6.0
#9 33.86   Downloading multipledispatch-0.6.0-py3-none-any.whl (11 kB)
#9 33.87 Requirement already satisfied: munkres==1.1.4 in /opt/conda/lib/python3.10/site-packages (from -r /home/jovyan/requirements/requirements.txt (line 36)) (1.1.4)
#9 34.04 Collecting natsort==8.2.0
#9 34.05   Downloading natsort-8.2.0-py3-none-any.whl (37 kB)
#9 34.15 Collecting numpyro==0.10.1
#9 34.17   Downloading numpyro-0.10.1-py3-none-any.whl (292 kB)
#9 34.20      ━━━━━━━━━━━━━━━━━━━━━━━━━━━━━━━━━━━━━━ 292.7/292.7 kB 16.6 MB/s eta 0:00:00
#9 34.37 Collecting openpyxl==3.0.10
#9 34.38   Downloading openpyxl-3.0.10-py2.py3-none-any.whl (242 kB)
#9 34.41      ━━━━━━━━━━━━━━━━━━━━━━━━━━━━━━━━━━━━━━ 242.1/242.1 kB 16.5 MB/s eta 0:00:00
#9 34.50 Collecting opt-einsum==3.3.0
#9 34.52   Downloading opt_einsum-3.3.0-py3-none-any.whl (65 kB)
#9 34.53      ━━━━━━━━━━━━━━━━━━━━━━━━━━━━━━━━━━━━━━━━ 65.5/65.5 kB 9.1 MB/s eta 0:00:00
#9 34.62 Collecting optax==0.1.3
#9 34.64   Downloading optax-0.1.3-py3-none-any.whl (145 kB)
#9 34.66      ━━━━━━━━━━━━━━━━━━━━━━━━━━━━━━━━━━━━━━ 145.1/145.1 kB 13.6 MB/s eta 0:00:00
#9 34.68 Requirement already satisfied: pamela==1.0.0 in /opt/conda/lib/python3.10/site-packages (from -r /home/jovyan/requirements/requirements.txt (line 42)) (1.0.0)
#9 35.73 Collecting pandas==1.4.3
#9 35.74   Downloading pandas-1.4.3-cp310-cp310-manylinux_2_17_x86_64.manylinux2014_x86_64.whl (11.6 MB)
#9 36.45      ━━━━━━━━━━━━━━━━━━━━━━━━━━━━━━━━━━━━━━━━ 11.6/11.6 MB 16.6 MB/s eta 0:00:00
#9 38.60 Collecting protobuf==3.19.5
#9 38.62   Downloading protobuf-3.19.5-cp310-cp310-manylinux_2_17_x86_64.manylinux2014_x86_64.whl (1.1 MB)
#9 38.70      ━━━━━━━━━━━━━━━━━━━━━━━━━━━━━━━━━━━━━━━━ 1.1/1.1 MB 14.9 MB/s eta 0:00:00
#9 38.94 Collecting pyasn1==0.4.8
#9 38.95   Downloading pyasn1-0.4.8-py2.py3-none-any.whl (77 kB)
#9 38.97      ━━━━━━━━━━━━━━━━━━━━━━━━━━━━━━━━━━━━━━━━ 77.1/77.1 kB 9.1 MB/s eta 0:00:00
#9 39.13 Collecting pyasn1-modules==0.2.8
#9 39.15   Downloading pyasn1_modules-0.2.8-py2.py3-none-any.whl (155 kB)
#9 39.17      ━━━━━━━━━━━━━━━━━━━━━━━━━━━━━━━━━━━━━━ 155.3/155.3 kB 13.8 MB/s eta 0:00:00
#9 39.19 Requirement already satisfied: pycurl==7.45.1 in /opt/conda/lib/python3.10/site-packages (from -r /home/jovyan/requirements/requirements.txt (line 47)) (7.45.1)
#9 39.26 Collecting pyDeprecate==0.3.2
#9 39.28   Downloading pyDeprecate-0.3.2-py3-none-any.whl (10 kB)
#9 39.36 Collecting pynndescent==0.5.7
#9 39.38   Downloading pynndescent-0.5.7.tar.gz (1.1 MB)
#9 39.47      ━━━━━━━━━━━━━━━━━━━━━━━━━━━━━━━━━━━━━━━━ 1.1/1.1 MB 14.1 MB/s eta 0:00:00
#9 39.64   Preparing metadata (setup.py): started
#9 41.25   Preparing metadata (setup.py): finished with status 'done'
#9 41.32 Collecting pyro-api==0.1.2
#9 41.33   Downloading pyro_api-0.1.2-py3-none-any.whl (11 kB)
#9 41.44 Collecting pyro-ppl==1.8.2
#9 41.46   Downloading pyro_ppl-1.8.2-py3-none-any.whl (722 kB)
#9 41.51      ━━━━━━━━━━━━━━━━━━━━━━━━━━━━━━━━━━━━━━ 722.7/722.7 kB 16.4 MB/s eta 0:00:00
#9 41.89 Collecting pytorch-lightning==1.6.5
#9 41.91   Downloading pytorch_lightning-1.6.5-py3-none-any.whl (585 kB)
#9 41.96      ━━━━━━━━━━━━━━━━━━━━━━━━━━━━━━━━━━━━━━ 585.9/585.9 kB 16.6 MB/s eta 0:00:00
#9 42.09 Collecting requests-oauthlib==1.3.1
#9 42.11   Downloading requests_oauthlib-1.3.1-py2.py3-none-any.whl (23 kB)
#9 42.72 Collecting rich==11.2.0
#9 42.75   Downloading rich-11.2.0-py3-none-any.whl (217 kB)
#9 42.77      ━━━━━━━━━━━━━━━━━━━━━━━━━━━━━━━━━━━━━━ 217.3/217.3 kB 14.1 MB/s eta 0:00:00
#9 42.90 Collecting rsa==4.9
#9 42.92   Downloading rsa-4.9-py3-none-any.whl (34 kB)
#9 43.12 Collecting scanpy==1.9.1
#9 43.14   Downloading scanpy-1.9.1-py3-none-any.whl (2.0 MB)
#9 43.28      ━━━━━━━━━━━━━━━━━━━━━━━━━━━━━━━━━━━━━━━━ 2.0/2.0 MB 15.3 MB/s eta 0:00:00
#9 43.51 Collecting scikit-misc==0.1.4
#9 43.53   Downloading scikit_misc-0.1.4-cp310-cp310-manylinux_2_17_x86_64.manylinux2014_x86_64.whl (11.1 MB)
#9 44.24      ━━━━━━━━━━━━━━━━━━━━━━━━━━━━━━━━━━━━━━━━ 11.1/11.1 MB 15.6 MB/s eta 0:00:00
#9 45.01 Collecting scvi-tools==0.17.3
#9 45.03   Downloading scvi_tools-0.17.3-py3-none-any.whl (271 kB)
#9 45.05      ━━━━━━━━━━━━━━━━━━━━━━━━━━━━━━━━━━━━━━ 271.8/271.8 kB 16.7 MB/s eta 0:00:00
#9 45.13 Collecting session-info==1.0.0
#9 45.14   Downloading session_info-1.0.0.tar.gz (24 kB)
#9 45.17   Preparing metadata (setup.py): started
#9 46.98   Preparing metadata (setup.py): finished with status 'done'
#9 46.99 Requirement already satisfied: simplegeneric==0.8.1 in /opt/conda/lib/python3.10/site-packages (from -r /home/jovyan/requirements/requirements.txt (line 60)) (0.8.1)
#9 47.06 Collecting stdlib-list==0.8.0
#9 47.09   Downloading stdlib_list-0.8.0-py3-none-any.whl (63 kB)
#9 47.11      ━━━━━━━━━━━━━━━━━━━━━━━━━━━━━━━━━━━━━━━━ 63.5/63.5 kB 8.0 MB/s eta 0:00:00
#9 47.28 Collecting tensorboard==2.10.0
#9 47.30   Downloading tensorboard-2.10.0-py3-none-any.whl (5.9 MB)
#9 47.65      ━━━━━━━━━━━━━━━━━━━━━━━━━━━━━━━━━━━━━━━━ 5.9/5.9 MB 16.8 MB/s eta 0:00:00
#9 48.12 Collecting tensorboard-data-server==0.6.1
#9 48.14   Downloading tensorboard_data_server-0.6.1-py3-none-manylinux2010_x86_64.whl (4.9 MB)
#9 48.47      ━━━━━━━━━━━━━━━━━━━━━━━━━━━━━━━━━━━━━━━━ 4.9/4.9 MB 15.3 MB/s eta 0:00:00
#9 48.79 Collecting tensorboard-plugin-wit==1.8.1
#9 48.81   Downloading tensorboard_plugin_wit-1.8.1-py3-none-any.whl (781 kB)
#9 48.87      ━━━━━━━━━━━━━━━━━━━━━━━━━━━━━━━━━━━━━━ 781.3/781.3 kB 16.6 MB/s eta 0:00:00
#9 48.99 Collecting texttable==1.6.4
#9 49.02   Downloading texttable-1.6.4-py2.py3-none-any.whl (10 kB)
#9 49.33 Collecting torch==1.12.1
#9 49.36   Downloading torch-1.12.1-cp310-cp310-manylinux1_x86_64.whl (776.3 MB)
#9 103.1      ━━━━━━━━━━━━━━━━━━━━━━━━━━━━━━━━━━━━━━━ 776.3/776.3 MB 1.2 MB/s eta 0:00:00
#9 146.3 Collecting torchmetrics==0.9.3
#9 146.5   Downloading torchmetrics-0.9.3-py3-none-any.whl (419 kB)
#9 146.6      ━━━━━━━━━━━━━━━━━━━━━━━━━━━━━━━━━━━━━━ 419.6/419.6 kB 12.6 MB/s eta 0:00:00
#9 146.7 Collecting umap-learn==0.5.3
#9 146.7   Downloading umap-learn-0.5.3.tar.gz (88 kB)
#9 146.7      ━━━━━━━━━━━━━━━━━━━━━━━━━━━━━━━━━━━━━━━━ 88.2/88.2 kB 9.4 MB/s eta 0:00:00
#9 146.8   Preparing metadata (setup.py): started
#9 148.7   Preparing metadata (setup.py): finished with status 'done'
#9 148.7 Requirement already satisfied: webencodings==0.5.1 in /opt/conda/lib/python3.10/site-packages (from -r /home/jovyan/requirements/requirements.txt (line 69)) (0.5.1)
#9 148.9 Collecting Werkzeug==2.2.2
#9 149.0   Downloading Werkzeug-2.2.2-py3-none-any.whl (232 kB)
#9 149.1      ━━━━━━━━━━━━━━━━━━━━━━━━━━━━━━━━━━━━━━ 232.7/232.7 kB 11.4 MB/s eta 0:00:00
#9 150.2 Collecting yarl==1.8.1
#9 150.2   Downloading yarl-1.8.1-cp310-cp310-manylinux_2_17_x86_64.manylinux2014_x86_64.whl (263 kB)
#9 150.2      ━━━━━━━━━━━━━━━━━━━━━━━━━━━━━━━━━━━━━━ 264.0/264.0 kB 13.6 MB/s eta 0:00:00
#9 150.3 Requirement already satisfied: charset-normalizer<3.0,>=2.0 in /opt/conda/lib/python3.10/site-packages (from aiohttp==3.8.1->-r /home/jovyan/requirements/requirements.txt (line 2)) (2.1.1)
#9 150.3 Requirement already satisfied: attrs>=17.3.0 in /opt/conda/lib/python3.10/site-packages (from aiohttp==3.8.1->-r /home/jovyan/requirements/requirements.txt (line 2)) (22.1.0)
#9 150.5 Requirement already satisfied: scipy>1.4 in /opt/conda/lib/python3.10/site-packages (from anndata==0.8.0->-r /home/jovyan/requirements/requirements.txt (line 4)) (1.9.1)
#9 150.5 Requirement already satisfied: numpy>=1.16.5 in /opt/conda/lib/python3.10/site-packages (from anndata==0.8.0->-r /home/jovyan/requirements/requirements.txt (line 4)) (1.22.4)
#9 150.5 Requirement already satisfied: packaging>=20 in /opt/conda/lib/python3.10/site-packages (from anndata==0.8.0->-r /home/jovyan/requirements/requirements.txt (line 4)) (21.3)
#9 150.5 Requirement already satisfied: h5py>=3 in /opt/conda/lib/python3.10/site-packages (from anndata==0.8.0->-r /home/jovyan/requirements/requirements.txt (line 4)) (3.7.0)
#9 150.6 Requirement already satisfied: scikit-learn in /opt/conda/lib/python3.10/site-packages (from bbknn==1.5.1->-r /home/jovyan/requirements/requirements.txt (line 8)) (1.1.2)
#9 150.6 Requirement already satisfied: Cython in /opt/conda/lib/python3.10/site-packages (from bbknn==1.5.1->-r /home/jovyan/requirements/requirements.txt (line 8)) (0.29.32)
#9 150.7 Requirement already satisfied: pyopenssl in /opt/conda/lib/python3.10/site-packages (from certipy==0.1.3->-r /home/jovyan/requirements/requirements.txt (line 12)) (22.0.0)
#9 150.7 Requirement already satisfied: toolz>=0.9.0 in /opt/conda/lib/python3.10/site-packages (from chex==0.1.5->-r /home/jovyan/requirements/requirements.txt (line 13)) (0.12.0)
#9 150.8 Requirement already satisfied: six in /opt/conda/lib/python3.10/site-packages (from docrep==0.3.2->-r /home/jovyan/requirements/requirements.txt (line 16)) (1.16.0)
#9 151.2 Requirement already satisfied: PyYAML>=5.4.1 in /opt/conda/lib/python3.10/site-packages (from flax==0.6.0->-r /home/jovyan/requirements/requirements.txt (line 19)) (6.0)
#9 151.2 Requirement already satisfied: typing-extensions>=4.1.1 in /opt/conda/lib/python3.10/site-packages (from flax==0.6.0->-r /home/jovyan/requirements/requirements.txt (line 19)) (4.3.0)
#9 151.3 Requirement already satisfied: msgpack in /opt/conda/lib/python3.10/site-packages (from flax==0.6.0->-r /home/jovyan/requirements/requirements.txt (line 19)) (1.0.4)
#9 151.3 Requirement already satisfied: matplotlib in /opt/conda/lib/python3.10/site-packages (from flax==0.6.0->-r /home/jovyan/requirements/requirements.txt (line 19)) (3.5.3)
#9 152.2 Requirement already satisfied: tqdm in /opt/conda/lib/python3.10/site-packages (from numpyro==0.10.1->-r /home/jovyan/requirements/requirements.txt (line 38)) (4.64.1)
#9 152.5 Requirement already satisfied: pytz>=2020.1 in /opt/conda/lib/python3.10/site-packages (from pandas==1.4.3->-r /home/jovyan/requirements/requirements.txt (line 43)) (2022.2.1)
#9 152.5 Requirement already satisfied: python-dateutil>=2.8.1 in /opt/conda/lib/python3.10/site-packages (from pandas==1.4.3->-r /home/jovyan/requirements/requirements.txt (line 43)) (2.8.2)
#9 152.7 Requirement already satisfied: numba>=0.51.2 in /opt/conda/lib/python3.10/site-packages (from pynndescent==0.5.7->-r /home/jovyan/requirements/requirements.txt (line 49)) (0.55.2)
#9 152.7 Requirement already satisfied: joblib>=0.11 in /opt/conda/lib/python3.10/site-packages (from pynndescent==0.5.7->-r /home/jovyan/requirements/requirements.txt (line 49)) (1.1.0)
#9 153.7 Requirement already satisfied: fsspec[http]!=2021.06.0,>=2021.05.0 in /opt/conda/lib/python3.10/site-packages (from pytorch-lightning==1.6.5->-r /home/jovyan/requirements/requirements.txt (line 52)) (2022.8.2)
#9 153.7 Requirement already satisfied: oauthlib>=3.0.0 in /opt/conda/lib/python3.10/site-packages (from requests-oauthlib==1.3.1->-r /home/jovyan/requirements/requirements.txt (line 53)) (3.2.1)
#9 153.7 Requirement already satisfied: requests>=2.0.0 in /opt/conda/lib/python3.10/site-packages (from requests-oauthlib==1.3.1->-r /home/jovyan/requirements/requirements.txt (line 53)) (2.28.1)
#9 153.8 Requirement already satisfied: colorama<0.5.0,>=0.4.0 in /opt/conda/lib/python3.10/site-packages (from rich==11.2.0->-r /home/jovyan/requirements/requirements.txt (line 54)) (0.4.5)
#9 153.8 Requirement already satisfied: pygments<3.0.0,>=2.6.0 in /opt/conda/lib/python3.10/site-packages (from rich==11.2.0->-r /home/jovyan/requirements/requirements.txt (line 54)) (2.13.0)
#9 154.1 Requirement already satisfied: networkx>=2.3 in /opt/conda/lib/python3.10/site-packages (from scanpy==1.9.1->-r /home/jovyan/requirements/requirements.txt (line 56)) (2.8.6)
#9 154.2 Requirement already satisfied: patsy in /opt/conda/lib/python3.10/site-packages (from scanpy==1.9.1->-r /home/jovyan/requirements/requirements.txt (line 56)) (0.5.2)
#9 154.2 Requirement already satisfied: seaborn in /opt/conda/lib/python3.10/site-packages (from scanpy==1.9.1->-r /home/jovyan/requirements/requirements.txt (line 56)) (0.12.0)
#9 154.2 Requirement already satisfied: statsmodels>=0.10.0rc2 in /opt/conda/lib/python3.10/site-packages (from scanpy==1.9.1->-r /home/jovyan/requirements/requirements.txt (line 56)) (0.13.2)
#9 154.6 Requirement already satisfied: ipywidgets in /opt/conda/lib/python3.10/site-packages (from scvi-tools==0.17.3->-r /home/jovyan/requirements/requirements.txt (line 58)) (8.0.2)
#9 155.2 Requirement already satisfied: setuptools>=41.0.0 in /opt/conda/lib/python3.10/site-packages (from tensorboard==2.10.0->-r /home/jovyan/requirements/requirements.txt (line 62)) (65.3.0)
#9 155.3 Requirement already satisfied: wheel>=0.26 in /opt/conda/lib/python3.10/site-packages (from tensorboard==2.10.0->-r /home/jovyan/requirements/requirements.txt (line 62)) (0.37.1)
#9 156.4 Requirement already satisfied: MarkupSafe>=2.1.1 in /opt/conda/lib/python3.10/site-packages (from Werkzeug==2.2.2->-r /home/jovyan/requirements/requirements.txt (line 70)) (2.1.1)
#9 156.4 Requirement already satisfied: idna>=2.0 in /opt/conda/lib/python3.10/site-packages (from yarl==1.8.1->-r /home/jovyan/requirements/requirements.txt (line 71)) (3.3)
#9 157.4 Requirement already satisfied: cycler>=0.10 in /opt/conda/lib/python3.10/site-packages (from matplotlib->flax==0.6.0->-r /home/jovyan/requirements/requirements.txt (line 19)) (0.11.0)
#9 157.4 Requirement already satisfied: fonttools>=4.22.0 in /opt/conda/lib/python3.10/site-packages (from matplotlib->flax==0.6.0->-r /home/jovyan/requirements/requirements.txt (line 19)) (4.37.1)
#9 157.4 Requirement already satisfied: pyparsing>=2.2.1 in /opt/conda/lib/python3.10/site-packages (from matplotlib->flax==0.6.0->-r /home/jovyan/requirements/requirements.txt (line 19)) (3.0.9)
#9 157.4 Requirement already satisfied: pillow>=6.2.0 in /opt/conda/lib/python3.10/site-packages (from matplotlib->flax==0.6.0->-r /home/jovyan/requirements/requirements.txt (line 19)) (9.2.0)
#9 157.4 Requirement already satisfied: kiwisolver>=1.0.1 in /opt/conda/lib/python3.10/site-packages (from matplotlib->flax==0.6.0->-r /home/jovyan/requirements/requirements.txt (line 19)) (1.4.4)
#9 158.1 Requirement already satisfied: urllib3<1.27,>=1.21.1 in /opt/conda/lib/python3.10/site-packages (from requests>=2.0.0->requests-oauthlib==1.3.1->-r /home/jovyan/requirements/requirements.txt (line 53)) (1.26.11)
#9 158.3 Requirement already satisfied: threadpoolctl>=2.0.0 in /opt/conda/lib/python3.10/site-packages (from scikit-learn->bbknn==1.5.1->-r /home/jovyan/requirements/requirements.txt (line 8)) (3.1.0)
#9 159.0 Requirement already satisfied: zipp in /opt/conda/lib/python3.10/site-packages (from etils==0.8.0->-r /home/jovyan/requirements/requirements.txt (line 18)) (3.8.1)
#9 159.0 Requirement already satisfied: importlib_resources in /opt/conda/lib/python3.10/site-packages (from etils==0.8.0->-r /home/jovyan/requirements/requirements.txt (line 18)) (5.9.0)
#9 159.1 Requirement already satisfied: ipykernel>=4.5.1 in /opt/conda/lib/python3.10/site-packages (from ipywidgets->scvi-tools==0.17.3->-r /home/jovyan/requirements/requirements.txt (line 58)) (6.15.2)
#9 159.1 Requirement already satisfied: jupyterlab-widgets~=3.0 in /opt/conda/lib/python3.10/site-packages (from ipywidgets->scvi-tools==0.17.3->-r /home/jovyan/requirements/requirements.txt (line 58)) (3.0.3)
#9 159.1 Requirement already satisfied: traitlets>=4.3.1 in /opt/conda/lib/python3.10/site-packages (from ipywidgets->scvi-tools==0.17.3->-r /home/jovyan/requirements/requirements.txt (line 58)) (5.3.0)
#9 159.1 Requirement already satisfied: widgetsnbextension~=4.0 in /opt/conda/lib/python3.10/site-packages (from ipywidgets->scvi-tools==0.17.3->-r /home/jovyan/requirements/requirements.txt (line 58)) (4.0.3)
#9 159.1 Requirement already satisfied: ipython>=6.1.0 in /opt/conda/lib/python3.10/site-packages (from ipywidgets->scvi-tools==0.17.3->-r /home/jovyan/requirements/requirements.txt (line 58)) (8.5.0)
#9 159.3 Requirement already satisfied: cryptography>=35.0 in /opt/conda/lib/python3.10/site-packages (from pyopenssl->certipy==0.1.3->-r /home/jovyan/requirements/requirements.txt (line 12)) (37.0.4)
#9 159.5 Requirement already satisfied: cffi>=1.12 in /opt/conda/lib/python3.10/site-packages (from cryptography>=35.0->pyopenssl->certipy==0.1.3->-r /home/jovyan/requirements/requirements.txt (line 12)) (1.15.1)
#9 159.9 Requirement already satisfied: jupyter-client>=6.1.12 in /opt/conda/lib/python3.10/site-packages (from ipykernel>=4.5.1->ipywidgets->scvi-tools==0.17.3->-r /home/jovyan/requirements/requirements.txt (line 58)) (7.3.4)
#9 159.9 Requirement already satisfied: psutil in /opt/conda/lib/python3.10/site-packages (from ipykernel>=4.5.1->ipywidgets->scvi-tools==0.17.3->-r /home/jovyan/requirements/requirements.txt (line 58)) (5.9.2)
#9 159.9 Requirement already satisfied: matplotlib-inline>=0.1 in /opt/conda/lib/python3.10/site-packages (from ipykernel>=4.5.1->ipywidgets->scvi-tools==0.17.3->-r /home/jovyan/requirements/requirements.txt (line 58)) (0.1.6)
#9 159.9 Requirement already satisfied: pyzmq>=17 in /opt/conda/lib/python3.10/site-packages (from ipykernel>=4.5.1->ipywidgets->scvi-tools==0.17.3->-r /home/jovyan/requirements/requirements.txt (line 58)) (23.2.1)
#9 159.9 Requirement already satisfied: tornado>=6.1 in /opt/conda/lib/python3.10/site-packages (from ipykernel>=4.5.1->ipywidgets->scvi-tools==0.17.3->-r /home/jovyan/requirements/requirements.txt (line 58)) (6.1)
#9 159.9 Requirement already satisfied: nest-asyncio in /opt/conda/lib/python3.10/site-packages (from ipykernel>=4.5.1->ipywidgets->scvi-tools==0.17.3->-r /home/jovyan/requirements/requirements.txt (line 58)) (1.5.5)
#9 159.9 Requirement already satisfied: debugpy>=1.0 in /opt/conda/lib/python3.10/site-packages (from ipykernel>=4.5.1->ipywidgets->scvi-tools==0.17.3->-r /home/jovyan/requirements/requirements.txt (line 58)) (1.6.3)
#9 160.2 Requirement already satisfied: backcall in /opt/conda/lib/python3.10/site-packages (from ipython>=6.1.0->ipywidgets->scvi-tools==0.17.3->-r /home/jovyan/requirements/requirements.txt (line 58)) (0.2.0)
#9 160.2 Requirement already satisfied: jedi>=0.16 in /opt/conda/lib/python3.10/site-packages (from ipython>=6.1.0->ipywidgets->scvi-tools==0.17.3->-r /home/jovyan/requirements/requirements.txt (line 58)) (0.18.1)
#9 160.2 Requirement already satisfied: decorator in /opt/conda/lib/python3.10/site-packages (from ipython>=6.1.0->ipywidgets->scvi-tools==0.17.3->-r /home/jovyan/requirements/requirements.txt (line 58)) (5.1.1)
#9 160.2 Requirement already satisfied: stack-data in /opt/conda/lib/python3.10/site-packages (from ipython>=6.1.0->ipywidgets->scvi-tools==0.17.3->-r /home/jovyan/requirements/requirements.txt (line 58)) (0.5.0)
#9 160.2 Requirement already satisfied: pexpect>4.3 in /opt/conda/lib/python3.10/site-packages (from ipython>=6.1.0->ipywidgets->scvi-tools==0.17.3->-r /home/jovyan/requirements/requirements.txt (line 58)) (4.8.0)
#9 160.2 Requirement already satisfied: prompt-toolkit<3.1.0,>3.0.1 in /opt/conda/lib/python3.10/site-packages (from ipython>=6.1.0->ipywidgets->scvi-tools==0.17.3->-r /home/jovyan/requirements/requirements.txt (line 58)) (3.0.31)
#9 160.2 Requirement already satisfied: pickleshare in /opt/conda/lib/python3.10/site-packages (from ipython>=6.1.0->ipywidgets->scvi-tools==0.17.3->-r /home/jovyan/requirements/requirements.txt (line 58)) (0.7.5)
#9 161.3 Requirement already satisfied: pycparser in /opt/conda/lib/python3.10/site-packages (from cffi>=1.12->cryptography>=35.0->pyopenssl->certipy==0.1.3->-r /home/jovyan/requirements/requirements.txt (line 12)) (2.21)
#9 161.4 Requirement already satisfied: parso<0.9.0,>=0.8.0 in /opt/conda/lib/python3.10/site-packages (from jedi>=0.16->ipython>=6.1.0->ipywidgets->scvi-tools==0.17.3->-r /home/jovyan/requirements/requirements.txt (line 58)) (0.8.3)
#9 161.6 Requirement already satisfied: jupyter-core>=4.9.2 in /opt/conda/lib/python3.10/site-packages (from jupyter-client>=6.1.12->ipykernel>=4.5.1->ipywidgets->scvi-tools==0.17.3->-r /home/jovyan/requirements/requirements.txt (line 58)) (4.11.1)
#9 161.6 Requirement already satisfied: entrypoints in /opt/conda/lib/python3.10/site-packages (from jupyter-client>=6.1.12->ipykernel>=4.5.1->ipywidgets->scvi-tools==0.17.3->-r /home/jovyan/requirements/requirements.txt (line 58)) (0.4)
#9 161.8 Requirement already satisfied: ptyprocess>=0.5 in /opt/conda/lib/python3.10/site-packages (from pexpect>4.3->ipython>=6.1.0->ipywidgets->scvi-tools==0.17.3->-r /home/jovyan/requirements/requirements.txt (line 58)) (0.7.0)
#9 161.8 Requirement already satisfied: wcwidth in /opt/conda/lib/python3.10/site-packages (from prompt-toolkit<3.1.0,>3.0.1->ipython>=6.1.0->ipywidgets->scvi-tools==0.17.3->-r /home/jovyan/requirements/requirements.txt (line 58)) (0.2.5)
#9 162.4 Requirement already satisfied: pure-eval in /opt/conda/lib/python3.10/site-packages (from stack-data->ipython>=6.1.0->ipywidgets->scvi-tools==0.17.3->-r /home/jovyan/requirements/requirements.txt (line 58)) (0.2.2)
#9 162.4 Requirement already satisfied: asttokens in /opt/conda/lib/python3.10/site-packages (from stack-data->ipython>=6.1.0->ipywidgets->scvi-tools==0.17.3->-r /home/jovyan/requirements/requirements.txt (line 58)) (2.0.8)
#9 162.4 Requirement already satisfied: executing in /opt/conda/lib/python3.10/site-packages (from stack-data->ipython>=6.1.0->ipywidgets->scvi-tools==0.17.3->-r /home/jovyan/requirements/requirements.txt (line 58)) (1.0.0)
#9 163.2 Building wheels for collected packages: annoy, docrep, jax, pynndescent, session-info, umap-learn
#9 163.2   Building wheel for annoy (setup.py): started
#9 187.2   Building wheel for annoy (setup.py): finished with status 'done'
#9 187.2   Created wheel for annoy: filename=annoy-1.17.1-cp310-cp310-linux_x86_64.whl size=75654 sha256=1b114927774fca3accc5a24b66a9142bdb2a1c4a83119c2f561e1a26798d962e
#9 187.2   Stored in directory: /home/jovyan/.cache/pip/wheels/8a/e1/f6/cd65e222d475c5ade306a766fb34c8da2f3f96c01de2a6602a
#9 187.2   Building wheel for docrep (setup.py): started
#9 189.5   Building wheel for docrep (setup.py): finished with status 'done'
#9 189.5   Created wheel for docrep: filename=docrep-0.3.2-py3-none-any.whl size=19877 sha256=1b2ad19635fce61c75848f799c6992d6e9b7c622ac45b655b47ee891c59dd59e
#9 189.5   Stored in directory: /home/jovyan/.cache/pip/wheels/c3/64/48/03c38d8d906159eaa210b3c548fdb590eb3e2a4a5745ae2172
#9 189.5   Building wheel for jax (setup.py): started
#9 192.9   Building wheel for jax (setup.py): finished with status 'done'
#9 193.0   Created wheel for jax: filename=jax-0.3.17-py3-none-any.whl size=1217851 sha256=f276ff5d2d2cb5fba0ce6a686068dd80c32aeae9f27462476759d8a02baffedf
#9 193.0   Stored in directory: /home/jovyan/.cache/pip/wheels/e9/bc/9a/3977c64e34db4863a5385cc29ad82b00235255cc4eaa1edb21
#9 193.0   Building wheel for pynndescent (setup.py): started
#9 195.3   Building wheel for pynndescent (setup.py): finished with status 'done'
#9 195.3   Created wheel for pynndescent: filename=pynndescent-0.5.7-py3-none-any.whl size=54269 sha256=66f2dc5fd572aa948faff72116eb8a6fd942bd2424dd758070f1f7dbcbe26700
#9 195.3   Stored in directory: /home/jovyan/.cache/pip/wheels/38/c8/a0/1ee86829ed84033a5d640e181a54ea19141e8721a8c4028730
#9 195.3   Building wheel for session-info (setup.py): started
#9 197.5   Building wheel for session-info (setup.py): finished with status 'done'
#9 197.5   Created wheel for session-info: filename=session_info-1.0.0-py3-none-any.whl size=8027 sha256=ed28f915ea423b3fbacc4eaffe34d21faa0b7b40110914b1594642df96a815ba
#9 197.5   Stored in directory: /home/jovyan/.cache/pip/wheels/6a/aa/b9/eb5d4031476ec10802795b97ccf937b9bd998d68a9b268765a
#9 197.5   Building wheel for umap-learn (setup.py): started
#9 199.9   Building wheel for umap-learn (setup.py): finished with status 'done'
#9 199.9   Created wheel for umap-learn: filename=umap_learn-0.5.3-py3-none-any.whl size=82814 sha256=e1f876e7aef5564d9828c5342cab13603816546b71474285ba34e3d78c722ee9
#9 199.9   Stored in directory: /home/jovyan/.cache/pip/wheels/a0/e8/c6/a37ea663620bd5200ea1ba0907ab3c217042c1d035ef606acc
#9 199.9 Successfully built annoy docrep jax pynndescent session-info umap-learn
#9 206.0 Installing collected packages: texttable, tensorboard-plugin-wit, stdlib-list, pyro-api, pyasn1, dm-tree, commonmark, annoy, Werkzeug, torch, tensorboard-data-server, session-info, scikit-misc, rsa, rich, pyDeprecate, pyasn1-modules, protobuf, opt-einsum, natsort, multipledispatch, multidict, Markdown, igraph, grpcio, frozenlist, etils, et-xmlfile, docrep, certifi, cachetools, async-timeout, absl-py, yarl, torchmetrics, pyro-ppl, pandas, openpyxl, leidenalg, jaxlib, google-auth, aiosignal, requests-oauthlib, pynndescent, harmonypy, anndata, aiohttp, umap-learn, mudata, jax, google-auth-oauthlib, tensorboard, scanpy, numpyro, chex, bbknn, pytorch-lightning, optax, flax, scvi-tools
#9 255.5   Attempting uninstall: protobuf
#9 255.5     Found existing installation: protobuf 4.21.5
#9 255.6     Uninstalling protobuf-4.21.5:
#9 257.1       Successfully uninstalled protobuf-4.21.5
#9 259.8   Attempting uninstall: certifi
#9 259.8     Found existing installation: certifi 2022.6.15.1
#9 259.8     Uninstalling certifi-2022.6.15.1:
#9 261.0       Successfully uninstalled certifi-2022.6.15.1
#9 264.6   Attempting uninstall: pandas
#9 264.6     Found existing installation: pandas 1.4.4
#9 266.1     Uninstalling pandas-1.4.4:
#9 269.1       Successfully uninstalled pandas-1.4.4
#9 303.6 Successfully installed Markdown-3.4.1 Werkzeug-2.2.2 absl-py-1.2.0 aiohttp-3.8.1 aiosignal-1.2.0 anndata-0.8.0 annoy-1.17.1 async-timeout-4.0.2 bbknn-1.5.1 cachetools-5.2.0 certifi-2022.6.15 chex-0.1.5 commonmark-0.9.1 dm-tree-0.1.7 docrep-0.3.2 et-xmlfile-1.1.0 etils-0.8.0 flax-0.6.0 frozenlist-1.3.1 google-auth-2.11.0 google-auth-oauthlib-0.4.6 grpcio-1.48.1 harmonypy-0.0.6 igraph-0.9.11 jax-0.3.17 jaxlib-0.3.15 leidenalg-0.8.10 mudata-0.2.0 multidict-6.0.2 multipledispatch-0.6.0 natsort-8.2.0 numpyro-0.10.1 openpyxl-3.0.10 opt-einsum-3.3.0 optax-0.1.3 pandas-1.4.3 protobuf-3.19.5 pyDeprecate-0.3.2 pyasn1-0.4.8 pyasn1-modules-0.2.8 pynndescent-0.5.7 pyro-api-0.1.2 pyro-ppl-1.8.2 pytorch-lightning-1.6.5 requests-oauthlib-1.3.1 rich-11.2.0 rsa-4.9 scanpy-1.9.1 scikit-misc-0.1.4 scvi-tools-0.17.3 session-info-1.0.0 stdlib-list-0.8.0 tensorboard-2.10.0 tensorboard-data-server-0.6.1 tensorboard-plugin-wit-1.8.1 texttable-1.6.4 torch-1.12.1 torchmetrics-0.9.3 umap-learn-0.5.3 yarl-1.8.1
#9 DONE 306.2s

#10 exporting to image
#10 sha256:e8c613e07b0b7ff33893b694f7759a10d42e180f2b4dc349fb57dc6b71dcab00
#10 exporting layers
#10 exporting layers 8.8s done
#10 writing image sha256:b0720fe0f5b37f7e2d0338b64123c0b1b0427764d6afb10e014511afddb5eee8 done
#10 naming to docker.io/emanuelsoda/jupyter_singel_cell:091622 done
#10 naming to docker.io/emanuelsoda/jupyter_singel_cell:latest done
#10 DONE 8.9s

Use 'docker scan' to run Snyk tests against images to find vulnerabilities and learn how to fix them
